[2023-12-01 21:33:35:197197] [I] Logging to file /home/deck/.var/app/io.github.streetpea.Chiaki4deck-hdr/data/Chiaki/Chiaki/log/chiaki_session_2023-12-01_21-33-35-197197.log
[2023-12-01 21:33:35:197197] [I] Chiaki Version 1.4.1
[2023-12-01 21:33:35:198198] [I] Trying to use hardware decoder "vaapi"
[2023-12-01 21:33:35:213213] [I] Using hardware decoder "vaapi" with pix_fmt=vaapi
[2023-12-01 21:33:35:220220] [I] ChiakiOpusEncoder initialized
[2023-12-01 21:33:35:351351] [I] Connected Steam Deck ... gyro online


[2023-12-01 21:33:35:351351] [I] Controller 0 opened: "Microsoft X-Box 360 pad 0 (030079f6de280000ff11000001000000)"
[2023-12-01 21:33:35:351351] [I] [libplacebo] Initialized libplacebo v6.338.1 (API v338)
[2023-12-01 21:33:35:395395] [I] [libplacebo] Spent 43.662 ms enumerating instance extensions
[2023-12-01 21:33:35:395395] [I] [libplacebo] Creating vulkan instance with extensions:
[2023-12-01 21:33:35:395395] [I] [libplacebo]     VK_KHR_get_physical_device_properties2
[2023-12-01 21:33:35:395395] [I] [libplacebo]     VK_KHR_surface
[2023-12-01 21:33:35:396396] [I] [libplacebo]     VK_EXT_swapchain_colorspace
[2023-12-01 21:33:35:396396] [I] [libplacebo]     VK_KHR_external_memory_capabilities
[2023-12-01 21:33:35:396396] [I] [libplacebo]     VK_KHR_external_semaphore_capabilities
[2023-12-01 21:33:35:396396] [I] [libplacebo]     VK_KHR_get_surface_capabilities2
[2023-12-01 21:33:35:396396] [I] [libplacebo]     VK_KHR_portability_enumeration
[2023-12-01 21:33:35:396396] [I] [libplacebo]     VK_KHR_surface
[2023-12-01 21:33:35:396396] [I] [libplacebo]     VK_KHR_xcb_surface
[2023-12-01 21:33:35:404404] [I] Using placebo high quality preset
[2023-12-01 21:33:35:408408] [I] [libplacebo] Probing for vulkan devices:
[2023-12-01 21:33:35:411411] [I] [libplacebo]     GPU 0: AMD Radeon Graphics (RADV VANGOGH) v1.3.255 (integrated)
[2023-12-01 21:33:35:411411] [I] [libplacebo]            uuid: 00:00:00:00:04:00:00:00:00:00:00:00:00:00:00:00
[2023-12-01 21:33:35:411411] [I] [libplacebo]     GPU 1: llvmpipe (LLVM 16.0.6, 256 bits) v1.3.255 (software)
[2023-12-01 21:33:35:411411] [I] [libplacebo]            uuid: 6D:65:73:61:32:33:2E:32:2E:31:00:00:00:00:00:00
[2023-12-01 21:33:35:411411] [I] [libplacebo] Vulkan device properties:
[2023-12-01 21:33:35:411411] [I] [libplacebo]     Device Name: AMD Radeon Graphics (RADV VANGOGH)
[2023-12-01 21:33:35:411411] [I] [libplacebo]     Device ID: 1002:1435
[2023-12-01 21:33:35:411411] [I] [libplacebo]     Device UUID: 00:00:00:00:04:00:00:00:00:00:00:00:00:00:00:00
[2023-12-01 21:33:35:411411] [I] [libplacebo]     Driver version: 5c02001
[2023-12-01 21:33:35:411411] [I] [libplacebo]     API version: 1.3.255
[2023-12-01 21:33:35:411411] [I] [libplacebo] Using async transfer (queue 1)
[2023-12-01 21:33:35:411411] [I] [libplacebo] Using async compute (queue 1)
[2023-12-01 21:33:35:411411] [I] [libplacebo] Creating vulkan device with extensions:
[2023-12-01 21:33:35:411411] [I] [libplacebo]     VK_KHR_swapchain
[2023-12-01 21:33:35:411411] [I] [libplacebo]     VK_KHR_push_descriptor
[2023-12-01 21:33:35:411411] [I] [libplacebo]     VK_KHR_external_memory_fd
[2023-12-01 21:33:35:411411] [I] [libplacebo]     VK_EXT_external_memory_dma_buf
[2023-12-01 21:33:35:411411] [I] [libplacebo]     VK_EXT_external_memory_host
[2023-12-01 21:33:35:411411] [I] [libplacebo]     VK_KHR_external_semaphore_fd
[2023-12-01 21:33:35:411411] [I] [libplacebo]     VK_EXT_pci_bus_info
[2023-12-01 21:33:35:411411] [I] [libplacebo]     VK_EXT_hdr_metadata
[2023-12-01 21:33:35:411411] [I] [libplacebo]     VK_EXT_image_drm_format_modifier
[2023-12-01 21:33:35:425425] [I] [libplacebo] Spent 13.246 ms creating vulkan device
[2023-12-01 21:33:35:425425] [I] [libplacebo] Memory heaps supported by device:
[2023-12-01 21:33:35:425425] [I] [libplacebo]     0: flags 0x0 size 3050M
[2023-12-01 21:33:35:425425] [I] [libplacebo]     1: flags 0x1 size 6101M
[2023-12-01 21:33:35:425425] [I] [libplacebo] Memory summary:     0 used     0 res     0 alloc, efficiency 100.00%, utilization 100.00%, max page:  381M
[2023-12-01 21:33:35:425425] [I] [libplacebo] shaderc SPIR-V version 1.6 rev 1
[2023-12-01 21:33:35:425425] [I] [libplacebo] Initialized SPIR-V compiler 'shaderc'
[2023-12-01 21:33:35:425425] [I] [libplacebo] GPU information:
[2023-12-01 21:33:35:425425] [I] [libplacebo]     GLSL version: 450 (vulkan)
[2023-12-01 21:33:35:425425] [I] [libplacebo]       max_shmem_size:            65536
[2023-12-01 21:33:35:425425] [I] [libplacebo]       max_group_threads:         1024
[2023-12-01 21:33:35:425425] [I] [libplacebo]       max_group_size[0]:         1024
[2023-12-01 21:33:35:425425] [I] [libplacebo]       max_group_size[1]:         1024
[2023-12-01 21:33:35:425425] [I] [libplacebo]       max_group_size[2]:         1024
[2023-12-01 21:33:35:425425] [I] [libplacebo]       subgroup_size:             64
[2023-12-01 21:33:35:425425] [I] [libplacebo]       min_gather_offset:         -32
[2023-12-01 21:33:35:426426] [I] [libplacebo]       max_gather_offset:         31
[2023-12-01 21:33:35:426426] [I] [libplacebo]     Limits:
[2023-12-01 21:33:35:426426] [I] [libplacebo]       thread_safe:               1
[2023-12-01 21:33:35:426426] [I] [libplacebo]       callbacks:                 1
[2023-12-01 21:33:35:426426] [I] [libplacebo]       max_buf_size:              6397714432
[2023-12-01 21:33:35:426426] [I] [libplacebo]       max_ubo_size:              4294967295
[2023-12-01 21:33:35:426426] [I] [libplacebo]       max_ssbo_size:             4294967295
[2023-12-01 21:33:35:426426] [I] [libplacebo]       max_vbo_size:              6397714432
[2023-12-01 21:33:35:426426] [I] [libplacebo]       max_mapped_size:           6397714432
[2023-12-01 21:33:35:426426] [I] [libplacebo]       max_buffer_texels:         4294967295
[2023-12-01 21:33:35:426426] [I] [libplacebo]       align_host_ptr:            4096
[2023-12-01 21:33:35:426426] [I] [libplacebo]       host_cached:               1
[2023-12-01 21:33:35:426426] [I] [libplacebo]       max_tex_1d_dim:            16384
[2023-12-01 21:33:35:426426] [I] [libplacebo]       max_tex_2d_dim:            16384
[2023-12-01 21:33:35:426426] [I] [libplacebo]       max_tex_3d_dim:            2048
[2023-12-01 21:33:35:426426] [I] [libplacebo]       blittable_1d_3d:           1
[2023-12-01 21:33:35:426426] [I] [libplacebo]       buf_transfer:              1
[2023-12-01 21:33:35:426426] [I] [libplacebo]       align_tex_xfer_pitch:      1
[2023-12-01 21:33:35:426426] [I] [libplacebo]       align_tex_xfer_offset:     4
[2023-12-01 21:33:35:426426] [I] [libplacebo]       max_variable_comps:        0
[2023-12-01 21:33:35:426426] [I] [libplacebo]       max_constants:             18446744073709551615
[2023-12-01 21:33:35:426426] [I] [libplacebo]       max_pushc_size:            256
[2023-12-01 21:33:35:426426] [I] [libplacebo]       align_vertex_stride:       1
[2023-12-01 21:33:35:426426] [I] [libplacebo]       max_dispatch[0]:           65535
[2023-12-01 21:33:35:426426] [I] [libplacebo]       max_dispatch[1]:           65535
[2023-12-01 21:33:35:426426] [I] [libplacebo]       max_dispatch[2]:           65535
[2023-12-01 21:33:35:426426] [I] [libplacebo]       fragment_queues:           1
[2023-12-01 21:33:35:426426] [I] [libplacebo]       compute_queues:            1
[2023-12-01 21:33:35:426426] [I] [libplacebo]     External API interop:
[2023-12-01 21:33:35:426426] [I] [libplacebo]       UUID: 00:00:00:00:04:00:00:00:00:00:00:00:00:00:00:00
[2023-12-01 21:33:35:426426] [I] [libplacebo]       PCI: 0000:04:00:0
[2023-12-01 21:33:35:426426] [I] [libplacebo]       buf export caps: 0x9
[2023-12-01 21:33:35:426426] [I] [libplacebo]       buf import caps: 0x19
[2023-12-01 21:33:35:426426] [I] [libplacebo]       tex export caps: 0x9
[2023-12-01 21:33:35:426426] [I] [libplacebo]       tex import caps: 0x19
[2023-12-01 21:33:35:426426] [I] [libplacebo]       sync export caps: 0x1
[2023-12-01 21:33:35:426426] [I] [libplacebo]       sync import caps: 0x0
[2023-12-01 21:33:35:427427] [I] Starting session request for PS5
[2023-12-01 21:33:35:427427] [I] Trying to request session from 192.168.0.78:9295
[2023-12-01 21:33:35:429429] [I] [libplacebo] Available surface configurations:
[2023-12-01 21:33:35:429429] [I] [libplacebo]     0: VK_FORMAT_B8G8R8A8_SRGB                  VK_COLOR_SPACE_SRGB_NONLINEAR_KHR
[2023-12-01 21:33:35:429429] [I] [libplacebo]     1: VK_FORMAT_B8G8R8A8_UNORM                 VK_COLOR_SPACE_SRGB_NONLINEAR_KHR
[2023-12-01 21:33:35:429429] [I] [libplacebo]     2: VK_FORMAT_R8G8B8A8_SRGB                  VK_COLOR_SPACE_SRGB_NONLINEAR_KHR
[2023-12-01 21:33:35:429429] [I] [libplacebo]     3: VK_FORMAT_R8G8B8A8_UNORM                 VK_COLOR_SPACE_SRGB_NONLINEAR_KHR
[2023-12-01 21:33:35:429429] [I] [libplacebo]     4: VK_FORMAT_R5G6B5_UNORM_PACK16            VK_COLOR_SPACE_SRGB_NONLINEAR_KHR
[2023-12-01 21:33:35:430430] [I] [libplacebo]     5: VK_FORMAT_R16G16B16A16_SFLOAT            VK_COLOR_SPACE_SRGB_NONLINEAR_KHR
[2023-12-01 21:33:35:430430] [I] [libplacebo]     6: VK_FORMAT_R16G16B16A16_UNORM             VK_COLOR_SPACE_SRGB_NONLINEAR_KHR
[2023-12-01 21:33:35:430430] [I] [libplacebo]     7: VK_FORMAT_A2B10G10R10_UNORM_PACK32       VK_COLOR_SPACE_SRGB_NONLINEAR_KHR
[2023-12-01 21:33:35:430430] [I] [libplacebo]     8: VK_FORMAT_A2R10G10B10_UNORM_PACK32       VK_COLOR_SPACE_SRGB_NONLINEAR_KHR
[2023-12-01 21:33:35:430430] [I] [libplacebo]     9: VK_FORMAT_A2B10G10R10_UNORM_PACK32       VK_COLOR_SPACE_HDR10_ST2084_EXT
[2023-12-01 21:33:35:430430] [I] [libplacebo]     10: VK_FORMAT_A2R10G10B10_UNORM_PACK32       VK_COLOR_SPACE_HDR10_ST2084_EXT
[2023-12-01 21:33:35:430430] [I] [libplacebo]     11: VK_FORMAT_R16G16B16A16_SFLOAT            VK_COLOR_SPACE_EXTENDED_SRGB_LINEAR_EXT
[2023-12-01 21:33:35:430430] [I] [libplacebo] Picked surface configuration 6: VK_FORMAT_R16G16B16A16_UNORM + VK_COLOR_SPACE_SRGB_NONLINEAR_KHR
[2023-12-01 21:33:35:434434] [I] Connected to 192.168.0.78:9295
[2023-12-01 21:33:35:434434] [I] Sending session request
[2023-12-01 21:33:35:442442] [I] Session request successful
[2023-12-01 21:33:35:452452] [I] Starting ctrl
[2023-12-01 21:33:35:469469] [I] Ctrl connected to 192.168.0.78:9295
[2023-12-01 21:33:35:470470] [I] Sending ctrl request
[2023-12-01 21:33:35:479479] [I] Ctrl received http header as response
[2023-12-01 21:33:35:479479] [I] Ctrl received ctrl request http response
[2023-12-01 21:33:35:479479] [I] Ctrl got Server Type: 2
[2023-12-01 21:33:35:479479] [I] Ctrl connected
[2023-12-01 21:33:35:514514] [I] Ctrl received Login message: success
[2023-12-01 21:33:36:120120] [I] Ctrl received valid Session Id: 1701491616OPFHVO6SQRDMMPJBUGOH7SEZLPDPVQUDB6QU27JN2NJUO6SNDT2HGZR634GHGDTH
[2023-12-01 21:33:36:120120] [I] Starting Senkusha
[2023-12-01 21:33:36:121121] [I] Takion connecting (version 7)
[2023-12-01 21:33:36:121121] [I] Takion enabled Don't Fragment Bit
[2023-12-01 21:33:36:121121] [I] Takion sent init
[2023-12-01 21:33:36:126126] [I] Takion received init ack with remote tag 0x15075020, outbound streams: 0x64, inbound streams: 0x64
[2023-12-01 21:33:36:126126] [I] Takion sent cookie
[2023-12-01 21:33:36:130130] [I] Takion received cookie ack
[2023-12-01 21:33:36:130130] [I] Takion connected
[2023-12-01 21:33:36:130130] [I] Senkusha sending big
[2023-12-01 21:33:36:139139] [I] Senkusha successfully received bang
[2023-12-01 21:33:36:139139] [I] Senkusha Ping Test with count 10 starting
[2023-12-01 21:33:36:431431] [I] Takion Send Buffer re-sending packet with seqnum 0x244bf4d6, tries: 0
[2023-12-01 21:33:36:446446] [E] Takion dropping data with seq num 0x15075020
[2023-12-01 21:33:36:731731] [I] Takion Send Buffer re-sending packet with seqnum 0x244bf4d6, tries: 1
[2023-12-01 21:33:36:750750] [E] Takion dropping data with seq num 0x15075020
[2023-12-01 21:33:36:932932] [I] Takion Send Buffer re-sending packet with seqnum 0x244bf4d6, tries: 2
[2023-12-01 21:33:37:041041] [E] Takion dropping data with seq num 0x15075020
[2023-12-01 21:33:37:232232] [I] Takion Send Buffer re-sending packet with seqnum 0x244bf4d6, tries: 3
[2023-12-01 21:33:37:341341] [E] Takion dropping data with seq num 0x15075020
[2023-12-01 21:33:37:433433] [I] Takion Send Buffer re-sending packet with seqnum 0x244bf4d6, tries: 4
[2023-12-01 21:33:37:642642] [E] Takion dropping data with seq num 0x15075020
[2023-12-01 21:33:37:733733] [I] Takion Send Buffer re-sending packet with seqnum 0x244bf4d6, tries: 5
[2023-12-01 21:33:37:997997] [E] Takion dropping data with seq num 0x15075020
[2023-12-01 21:33:38:034034] [I] Takion Send Buffer re-sending packet with seqnum 0x244bf4d6, tries: 6
[2023-12-01 21:33:38:234234] [I] Takion Send Buffer re-sending packet with seqnum 0x244bf4d6, tries: 7
[2023-12-01 21:33:38:250250] [E] Takion dropping data with seq num 0x15075020
[2023-12-01 21:33:38:534534] [I] Takion Send Buffer re-sending packet with seqnum 0x244bf4d6, tries: 8
[2023-12-01 21:33:38:550550] [E] Takion dropping data with seq num 0x15075020
[2023-12-01 21:33:38:735735] [I] Takion Send Buffer re-sending packet with seqnum 0x244bf4d6, tries: 9
[2023-12-01 21:33:38:845845] [E] Takion dropping data with seq num 0x15075020
[2023-12-01 21:33:39:035035] [I] Takion Send Buffer re-sending packet with seqnum 0x244bf4d6, tries: 10
[2023-12-01 21:33:39:150150] [E] Takion dropping data with seq num 0x15075020
[2023-12-01 21:33:39:236236] [I] Takion Send Buffer re-sending packet with seqnum 0x244bf4d6, tries: 11
[2023-12-01 21:33:39:533533] [E] Takion dropping data with seq num 0x15075020
[2023-12-01 21:33:39:536536] [I] Takion Send Buffer re-sending packet with seqnum 0x244bf4d6, tries: 12
[2023-12-01 21:33:39:837837] [I] Takion Send Buffer re-sending packet with seqnum 0x244bf4d6, tries: 13
[2023-12-01 21:33:39:838838] [E] Takion dropping data with seq num 0x15075020
[2023-12-01 21:33:40:037037] [I] Takion Send Buffer re-sending packet with seqnum 0x244bf4d6, tries: 14
[2023-12-01 21:33:40:053053] [E] Takion dropping data with seq num 0x15075020
[2023-12-01 21:33:40:338338] [I] Takion Send Buffer re-sending packet with seqnum 0x244bf4d6, tries: 15
[2023-12-01 21:33:40:348348] [E] Takion dropping data with seq num 0x15075020
[2023-12-01 21:33:40:538538] [I] Takion Send Buffer re-sending packet with seqnum 0x244bf4d6, tries: 16
[2023-12-01 21:33:40:554554] [I] Ctrl received Heartbeat, sending reply
[2023-12-01 21:33:40:571571] [W] Received Ctrl Message with unknown type 0x10
[2023-12-01 21:33:40:572572] [W] offset 0  1  2  3  4  5  6  7  8  9  a  b  c  d  e  f  0123456789abcdef
[2023-12-01 21:33:40:572572] [W]      0 ff ff ff e5 00 00 00 64                         .......d        
[2023-12-01 21:33:40:641641] [E] Takion dropping data with seq num 0x15075020
[2023-12-01 21:33:40:838838] [I] Takion Send Buffer re-sending packet with seqnum 0x244bf4d6, tries: 17
[2023-12-01 21:33:40:942942] [E] Takion dropping data with seq num 0x15075020
[2023-12-01 21:33:41:039039] [I] Takion Send Buffer re-sending packet with seqnum 0x244bf4d6, tries: 18
[2023-12-01 21:33:41:139139] [E] Senkusha data ack for echo command receive timeout
[2023-12-01 21:33:41:139139] [E] Senkusha failed to receive data ack for echo command
[2023-12-01 21:33:41:139139] [E] Senkusha Ping Test failed because sending echo command (true) failed
[2023-12-01 21:33:41:139139] [E] Senkusha Ping Test failed
[2023-12-01 21:33:41:139139] [I] Senkusha is disconnecting
[2023-12-01 21:33:41:140140] [I] Senkusha closed takion
[2023-12-01 21:33:41:140140] [E] Senkusha failed, but we still try to connect with fallback values
[2023-12-01 21:33:41:141141] [I] Takion connecting (version 12)
[2023-12-01 21:33:41:141141] [I] Takion sent init
[2023-12-01 21:33:41:145145] [I] Takion received init ack with remote tag 0x381fc038, outbound streams: 0x64, inbound streams: 0x64
[2023-12-01 21:33:41:145145] [I] Takion sent cookie
[2023-12-01 21:33:41:166166] [I] Takion received cookie ack
[2023-12-01 21:33:41:166166] [I] Takion connected
[2023-12-01 21:33:41:166166] [I] StreamConnection sending big
[2023-12-01 21:33:41:180180] [I] BANG received
[2023-12-01 21:33:41:181181] [I] Crypt has become available. Re-checking MACs of 0 packets
[2023-12-01 21:33:41:181181] [I] StreamConnection successfully received bang
[2023-12-01 21:33:41:258258] [W] Received Ctrl Message with unknown type 0x41
[2023-12-01 21:33:41:259259] [W] offset 0  1  2  3  4  5  6  7  8  9  a  b  c  d  e  f  0123456789abcdef
[2023-12-01 21:33:41:259259] [W]      0 00 00 00 00 02 01 00 00                         ........        
[2023-12-01 21:33:41:302302] [D] StreamConnection received audio header:
[2023-12-01 21:33:41:302302] [D] offset 0  1  2  3  4  5  6  7  8  9  a  b  c  d  e  f  0123456789abcdef
[2023-12-01 21:33:41:302302] [D]      0 02 10 00 00 bb 80 00 00 01 e0 00 00 00 01       ..............  
[2023-12-01 21:33:41:302302] [I] Audio Header:
[2023-12-01 21:33:41:302302] [I]   channels = 2
[2023-12-01 21:33:41:302302] [I]   bits = 16
[2023-12-01 21:33:41:302302] [I]   rate = 48000
[2023-12-01 21:33:41:302302] [I]   frame size = 480
[2023-12-01 21:33:41:302302] [I]   unknown = 1
[2023-12-01 21:33:41:303303] [I] ChiakiOpusDecoder initialized
[2023-12-01 21:33:41:320320] [I] Audio Device alsa_output.pci-0000_04_00.5-platform-nau8821-max.HiFi__hw_sofnau8821max_1__sink opened with 2 channels @ 48000 Hz, buffer size 19200
[2023-12-01 21:33:41:320320] [I] Video Profiles:
[2023-12-01 21:33:41:320320] [I]   0: 1920x1080
[2023-12-01 21:33:41:320320] [I] StreamConnection successfully received streaminfo
[2023-12-01 21:33:41:465465] [I] Switched to profile 0, resolution: 1920x1080
[2023-12-01 21:33:41:516516] [I] [libplacebo] Picked surface configuration 9: VK_FORMAT_A2B10G10R10_UNORM_PACK32 + VK_COLOR_SPACE_HDR10_ST2084_EXT
[2023-12-01 21:33:41:715715] [I] [libplacebo] Spent 196.476 ms translating SPIR-V (slow!)
[2023-12-01 21:33:41:739739] [I] [libplacebo] Spent 24.639 ms translating SPIR-V
[2023-12-01 21:33:41:782782] [I] [libplacebo] Spent 41.519 ms generating shader LUT
[2023-12-01 21:33:41:782782] [I] [libplacebo] Dithering to 10 bit depth
[2023-12-01 21:33:42:061061] [I] [libplacebo] Spent 278.420 ms translating SPIR-V (slow!)
[2023-12-01 21:33:45:479479] [I] Ctrl received Heartbeat, sending reply
[2023-12-01 21:33:50:481481] [I] Ctrl received Heartbeat, sending reply
[2023-12-01 21:33:55:478478] [I] Ctrl received Heartbeat, sending reply
[2023-12-01 21:34:00:479479] [I] Ctrl received Heartbeat, sending reply
[2023-12-01 21:34:05:481481] [I] Ctrl received Heartbeat, sending reply
[2023-12-01 21:34:10:491491] [I] Ctrl received Heartbeat, sending reply
[2023-12-01 21:34:15:479479] [I] Ctrl received Heartbeat, sending reply
[2023-12-01 21:34:20:479479] [I] Ctrl received Heartbeat, sending reply
[2023-12-01 21:34:25:480480] [I] Ctrl received Heartbeat, sending reply
[2023-12-01 21:34:30:482482] [I] Ctrl received Heartbeat, sending reply
[2023-12-01 21:34:35:483483] [I] Ctrl received Heartbeat, sending reply
[2023-12-01 21:34:40:489489] [I] Ctrl received Heartbeat, sending reply
[2023-12-01 21:34:45:481481] [I] Ctrl received Heartbeat, sending reply
[2023-12-01 21:34:50:482482] [I] Ctrl received Heartbeat, sending reply
[2023-12-01 21:34:55:492492] [I] Ctrl received Heartbeat, sending reply
[2023-12-01 21:35:00:483483] [I] Ctrl received Heartbeat, sending reply
[2023-12-01 21:35:05:482482] [I] Ctrl received Heartbeat, sending reply
[2023-12-01 21:35:10:496496] [I] Ctrl received Heartbeat, sending reply
[2023-12-01 21:35:15:485485] [I] Ctrl received Heartbeat, sending reply
[2023-12-01 21:35:20:482482] [I] Ctrl received Heartbeat, sending reply
[2023-12-01 21:35:25:481481] [I] Ctrl received Heartbeat, sending reply
[2023-12-01 21:35:30:481481] [I] Ctrl received Heartbeat, sending reply
[2023-12-01 21:35:35:481481] [I] Ctrl received Heartbeat, sending reply
[2023-12-01 21:35:40:481481] [I] Ctrl received Heartbeat, sending reply
[2023-12-01 21:35:45:483483] [I] Ctrl received Heartbeat, sending reply
[2023-12-01 21:35:50:484484] [I] Ctrl received Heartbeat, sending reply
[2023-12-01 21:35:55:481481] [I] Ctrl received Heartbeat, sending reply
[2023-12-01 21:36:00:482482] [I] Ctrl received Heartbeat, sending reply
[2023-12-01 21:36:05:484484] [I] Ctrl received Heartbeat, sending reply
[2023-12-01 21:36:10:482482] [I] Ctrl received Heartbeat, sending reply
[2023-12-01 21:36:15:482482] [I] Ctrl received Heartbeat, sending reply
[2023-12-01 21:36:20:483483] [I] Ctrl received Heartbeat, sending reply
[2023-12-01 21:36:25:483483] [I] Ctrl received Heartbeat, sending reply
[2023-12-01 21:36:30:482482] [I] Ctrl received Heartbeat, sending reply
[2023-12-01 21:36:35:492492] [I] Ctrl received Heartbeat, sending reply
[2023-12-01 21:36:40:484484] [I] Ctrl received Heartbeat, sending reply
[2023-12-01 21:36:45:489489] [I] Ctrl received Heartbeat, sending reply
[2023-12-01 21:36:50:485485] [I] Ctrl received Heartbeat, sending reply
[2023-12-01 21:36:55:485485] [I] Ctrl received Heartbeat, sending reply
[2023-12-01 21:37:00:485485] [I] Ctrl received Heartbeat, sending reply
[2023-12-01 21:37:05:519519] [I] Ctrl received Heartbeat, sending reply
[2023-12-01 21:37:10:487487] [I] Ctrl received Heartbeat, sending reply
[2023-12-01 21:37:15:487487] [I] Ctrl received Heartbeat, sending reply
[2023-12-01 21:37:20:483483] [I] Ctrl received Heartbeat, sending reply
[2023-12-01 21:37:25:487487] [I] Ctrl received Heartbeat, sending reply
[2023-12-01 21:37:30:489489] [I] Ctrl received Heartbeat, sending reply
[2023-12-01 21:37:35:493493] [I] Ctrl received Heartbeat, sending reply
[2023-12-01 21:37:40:484484] [I] Ctrl received Heartbeat, sending reply
[2023-12-01 21:37:45:485485] [I] Ctrl received Heartbeat, sending reply
[2023-12-01 21:37:50:486486] [I] Ctrl received Heartbeat, sending reply
[2023-12-01 21:37:55:486486] [I] Ctrl received Heartbeat, sending reply
[2023-12-01 21:38:00:487487] [I] Ctrl received Heartbeat, sending reply
[2023-12-01 21:38:05:485485] [I] Ctrl received Heartbeat, sending reply
[2023-12-01 21:38:10:485485] [I] Ctrl received Heartbeat, sending reply
[2023-12-01 21:38:15:501501] [I] Ctrl received Heartbeat, sending reply
[2023-12-01 21:38:20:485485] [I] Ctrl received Heartbeat, sending reply
[2023-12-01 21:38:25:490490] [I] Ctrl received Heartbeat, sending reply
[2023-12-01 21:38:30:488488] [I] Ctrl received Heartbeat, sending reply
[2023-12-01 21:38:35:488488] [I] Ctrl received Heartbeat, sending reply
[2023-12-01 21:38:40:487487] [I] Ctrl received Heartbeat, sending reply
[2023-12-01 21:38:45:488488] [I] Ctrl received Heartbeat, sending reply
[2023-12-01 21:38:50:486486] [I] Ctrl received Heartbeat, sending reply
[2023-12-01 21:38:55:494494] [I] Ctrl received Heartbeat, sending reply
[2023-12-01 21:39:00:496496] [I] Ctrl received Heartbeat, sending reply
[2023-12-01 21:39:05:490490] [I] Ctrl received Heartbeat, sending reply
[2023-12-01 21:39:10:522522] [I] Ctrl received Heartbeat, sending reply
[2023-12-01 21:39:15:489489] [I] Ctrl received Heartbeat, sending reply
[2023-12-01 21:39:20:487487] [I] Ctrl received Heartbeat, sending reply
[2023-12-01 21:39:25:491491] [I] Ctrl received Heartbeat, sending reply
[2023-12-01 21:39:30:491491] [I] Ctrl received Heartbeat, sending reply
[2023-12-01 21:39:35:487487] [I] Ctrl received Heartbeat, sending reply
[2023-12-01 21:39:40:488488] [I] Ctrl received Heartbeat, sending reply
[2023-12-01 21:39:45:488488] [I] Ctrl received Heartbeat, sending reply
[2023-12-01 21:39:50:488488] [I] Ctrl received Heartbeat, sending reply
[2023-12-01 21:39:55:488488] [I] Ctrl received Heartbeat, sending reply
[2023-12-01 21:40:00:496496] [I] Ctrl received Heartbeat, sending reply
[2023-12-01 21:40:05:492492] [I] Ctrl received Heartbeat, sending reply
[2023-12-01 21:40:10:489489] [I] Ctrl received Heartbeat, sending reply
[2023-12-01 21:40:15:489489] [I] Ctrl received Heartbeat, sending reply
[2023-12-01 21:40:20:488488] [I] Ctrl received Heartbeat, sending reply
[2023-12-01 21:40:25:490490] [I] Ctrl received Heartbeat, sending reply
[2023-12-01 21:40:30:499499] [I] Ctrl received Heartbeat, sending reply
[2023-12-01 21:40:35:489489] [I] Ctrl received Heartbeat, sending reply
[2023-12-01 21:40:40:490490] [I] Ctrl received Heartbeat, sending reply
[2023-12-01 21:40:45:501501] [I] Ctrl received Heartbeat, sending reply
[2023-12-01 21:40:50:499499] [I] Ctrl received Heartbeat, sending reply
[2023-12-01 21:40:55:489489] [I] Ctrl received Heartbeat, sending reply
[2023-12-01 21:41:00:493493] [I] Ctrl received Heartbeat, sending reply
[2023-12-01 21:41:05:491491] [I] Ctrl received Heartbeat, sending reply
[2023-12-01 21:41:10:493493] [I] Ctrl received Heartbeat, sending reply
[2023-12-01 21:41:15:491491] [I] Ctrl received Heartbeat, sending reply
[2023-12-01 21:41:20:493493] [I] Ctrl received Heartbeat, sending reply
[2023-12-01 21:41:25:501501] [I] Ctrl received Heartbeat, sending reply
[2023-12-01 21:41:30:490490] [I] Ctrl received Heartbeat, sending reply
[2023-12-01 21:41:35:494494] [I] Ctrl received Heartbeat, sending reply
[2023-12-01 21:41:40:490490] [I] Ctrl received Heartbeat, sending reply
[2023-12-01 21:41:45:492492] [I] Ctrl received Heartbeat, sending reply
[2023-12-01 21:41:50:490490] [I] Ctrl received Heartbeat, sending reply
[2023-12-01 21:41:51:988988] [I] Frame Processor received 2+0 / 5+1 units, attempting FEC
[2023-12-01 21:41:51:988988] [E] FEC failed
[2023-12-01 21:41:51:988988] [W] Missing unit 0x2
[2023-12-01 21:41:51:988988] [W] Missing unit 0x3
[2023-12-01 21:41:51:988988] [W] Missing unit 0x4
[2023-12-01 21:41:51:988988] [W] Detected missing or corrupt frame(s) from 29367 to 29368
[2023-12-01 21:41:51:988988] [D] StreamConnection reporting corrupt frame(s) from 29367 to 29367
[2023-12-01 21:41:55:493493] [I] Ctrl received Heartbeat, sending reply
[2023-12-01 21:42:00:497497] [I] Ctrl received Heartbeat, sending reply
[2023-12-01 21:42:05:492492] [I] Ctrl received Heartbeat, sending reply
[2023-12-01 21:42:10:491491] [I] Ctrl received Heartbeat, sending reply
[2023-12-01 21:42:15:498498] [I] Ctrl received Heartbeat, sending reply
[2023-12-01 21:42:20:492492] [I] Ctrl received Heartbeat, sending reply
[2023-12-01 21:42:25:494494] [I] Ctrl received Heartbeat, sending reply
[2023-12-01 21:42:30:498498] [I] Ctrl received Heartbeat, sending reply
[2023-12-01 21:42:35:492492] [I] Ctrl received Heartbeat, sending reply
[2023-12-01 21:42:40:492492] [I] Ctrl received Heartbeat, sending reply
[2023-12-01 21:42:45:493493] [I] Ctrl received Heartbeat, sending reply
[2023-12-01 21:42:50:492492] [I] Ctrl received Heartbeat, sending reply
[2023-12-01 21:42:55:496496] [I] Ctrl received Heartbeat, sending reply
[2023-12-01 21:43:00:492492] [I] Ctrl received Heartbeat, sending reply
[2023-12-01 21:43:05:492492] [I] Ctrl received Heartbeat, sending reply
[2023-12-01 21:43:10:493493] [I] Ctrl received Heartbeat, sending reply
[2023-12-01 21:43:12:770770] [E] Takion dropping data with seq num 0x381fc46d
[2023-12-01 21:43:15:493493] [I] Ctrl received Heartbeat, sending reply
[2023-12-01 21:43:20:499499] [I] Ctrl received Heartbeat, sending reply
[2023-12-01 21:43:25:497497] [I] Ctrl received Heartbeat, sending reply
[2023-12-01 21:43:30:497497] [I] Ctrl received Heartbeat, sending reply
[2023-12-01 21:43:35:493493] [I] Ctrl received Heartbeat, sending reply
[2023-12-01 21:43:40:495495] [I] Ctrl received Heartbeat, sending reply
[2023-12-01 21:43:45:493493] [I] Ctrl received Heartbeat, sending reply
[2023-12-01 21:43:50:493493] [I] Ctrl received Heartbeat, sending reply
[2023-12-01 21:43:55:504504] [I] Ctrl received Heartbeat, sending reply
[2023-12-01 21:44:00:495495] [I] Ctrl received Heartbeat, sending reply
[2023-12-01 21:44:05:496496] [I] Ctrl received Heartbeat, sending reply
[2023-12-01 21:44:10:496496] [I] Ctrl received Heartbeat, sending reply
[2023-12-01 21:44:15:495495] [I] Ctrl received Heartbeat, sending reply
[2023-12-01 21:44:20:497497] [I] Ctrl received Heartbeat, sending reply
[2023-12-01 21:44:25:498498] [I] Ctrl received Heartbeat, sending reply
[2023-12-01 21:44:30:497497] [I] Ctrl received Heartbeat, sending reply
[2023-12-01 21:44:35:498498] [I] Ctrl received Heartbeat, sending reply
[2023-12-01 21:44:40:498498] [I] Ctrl received Heartbeat, sending reply
[2023-12-01 21:44:45:500500] [I] Ctrl received Heartbeat, sending reply
[2023-12-01 21:44:50:495495] [I] Ctrl received Heartbeat, sending reply
[2023-12-01 21:44:55:496496] [I] Ctrl received Heartbeat, sending reply
[2023-12-01 21:45:00:496496] [I] Ctrl received Heartbeat, sending reply
[2023-12-01 21:45:05:503503] [I] Ctrl received Heartbeat, sending reply
[2023-12-01 21:45:10:499499] [I] Ctrl received Heartbeat, sending reply
[2023-12-01 21:45:15:497497] [I] Ctrl received Heartbeat, sending reply
[2023-12-01 21:45:20:507507] [I] Ctrl received Heartbeat, sending reply
[2023-12-01 21:45:25:499499] [I] Ctrl received Heartbeat, sending reply
[2023-12-01 21:45:30:499499] [I] Ctrl received Heartbeat, sending reply
[2023-12-01 21:45:35:497497] [I] Ctrl received Heartbeat, sending reply
[2023-12-01 21:45:40:496496] [I] Ctrl received Heartbeat, sending reply
[2023-12-01 21:45:45:503503] [I] Ctrl received Heartbeat, sending reply
[2023-12-01 21:45:50:497497] [I] Ctrl received Heartbeat, sending reply
[2023-12-01 21:45:55:496496] [I] Ctrl received Heartbeat, sending reply
[2023-12-01 21:46:00:497497] [I] Ctrl received Heartbeat, sending reply
[2023-12-01 21:46:05:497497] [I] Ctrl received Heartbeat, sending reply
[2023-12-01 21:46:10:497497] [I] Ctrl received Heartbeat, sending reply
[2023-12-01 21:46:15:497497] [I] Ctrl received Heartbeat, sending reply
[2023-12-01 21:46:20:498498] [I] Ctrl received Heartbeat, sending reply
[2023-12-01 21:46:25:499499] [I] Ctrl received Heartbeat, sending reply
[2023-12-01 21:46:30:503503] [I] Ctrl received Heartbeat, sending reply
[2023-12-01 21:46:35:498498] [I] Ctrl received Heartbeat, sending reply
[2023-12-01 21:46:40:501501] [I] Ctrl received Heartbeat, sending reply
[2023-12-01 21:46:45:497497] [I] Ctrl received Heartbeat, sending reply
[2023-12-01 21:46:50:504504] [I] Ctrl received Heartbeat, sending reply
[2023-12-01 21:46:55:499499] [I] Ctrl received Heartbeat, sending reply
[2023-12-01 21:47:00:498498] [I] Ctrl received Heartbeat, sending reply
[2023-12-01 21:47:05:498498] [I] Ctrl received Heartbeat, sending reply
[2023-12-01 21:47:10:498498] [I] Ctrl received Heartbeat, sending reply
[2023-12-01 21:47:15:498498] [I] Ctrl received Heartbeat, sending reply
[2023-12-01 21:47:20:519519] [I] Ctrl received Heartbeat, sending reply
[2023-12-01 21:47:25:501501] [I] Ctrl received Heartbeat, sending reply
[2023-12-01 21:47:30:499499] [I] Ctrl received Heartbeat, sending reply
[2023-12-01 21:47:35:499499] [I] Ctrl received Heartbeat, sending reply
[2023-12-01 21:47:40:503503] [I] Ctrl received Heartbeat, sending reply
[2023-12-01 21:47:45:502502] [I] Ctrl received Heartbeat, sending reply
[2023-12-01 21:47:50:499499] [I] Ctrl received Heartbeat, sending reply
[2023-12-01 21:47:55:506506] [I] Ctrl received Heartbeat, sending reply
[2023-12-01 21:48:00:501501] [I] Ctrl received Heartbeat, sending reply
[2023-12-01 21:48:05:505505] [I] Ctrl received Heartbeat, sending reply
[2023-12-01 21:48:10:502502] [I] Ctrl received Heartbeat, sending reply
[2023-12-01 21:48:15:500500] [I] Ctrl received Heartbeat, sending reply
[2023-12-01 21:48:20:504504] [I] Ctrl received Heartbeat, sending reply
[2023-12-01 21:48:25:500500] [I] Ctrl received Heartbeat, sending reply
[2023-12-01 21:48:30:505505] [I] Ctrl received Heartbeat, sending reply
[2023-12-01 21:48:35:508508] [I] Ctrl received Heartbeat, sending reply
[2023-12-01 21:48:40:511511] [I] Ctrl received Heartbeat, sending reply
[2023-12-01 21:48:45:500500] [I] Ctrl received Heartbeat, sending reply
[2023-12-01 21:48:50:506506] [I] Ctrl received Heartbeat, sending reply
[2023-12-01 21:48:55:501501] [I] Ctrl received Heartbeat, sending reply
[2023-12-01 21:49:00:508508] [I] Ctrl received Heartbeat, sending reply
[2023-12-01 21:49:05:508508] [I] Ctrl received Heartbeat, sending reply
[2023-12-01 21:49:10:501501] [I] Ctrl received Heartbeat, sending reply
[2023-12-01 21:49:15:508508] [I] Ctrl received Heartbeat, sending reply
[2023-12-01 21:49:20:501501] [I] Ctrl received Heartbeat, sending reply
[2023-12-01 21:49:25:504504] [I] Ctrl received Heartbeat, sending reply
[2023-12-01 21:49:30:501501] [I] Ctrl received Heartbeat, sending reply
[2023-12-01 21:49:35:508508] [I] Ctrl received Heartbeat, sending reply
[2023-12-01 21:49:40:503503] [I] Ctrl received Heartbeat, sending reply
[2023-12-01 21:49:45:504504] [I] Ctrl received Heartbeat, sending reply
[2023-12-01 21:49:50:502502] [I] Ctrl received Heartbeat, sending reply
[2023-12-01 21:49:55:503503] [I] Ctrl received Heartbeat, sending reply
[2023-12-01 21:50:00:503503] [I] Ctrl received Heartbeat, sending reply
[2023-12-01 21:50:05:506506] [I] Ctrl received Heartbeat, sending reply
[2023-12-01 21:50:10:524524] [I] Ctrl received Heartbeat, sending reply
[2023-12-01 21:50:15:512512] [I] Ctrl received Heartbeat, sending reply
[2023-12-01 21:50:20:506506] [I] Ctrl received Heartbeat, sending reply
[2023-12-01 21:50:25:504504] [I] Ctrl received Heartbeat, sending reply
[2023-12-01 21:50:30:503503] [I] Ctrl received Heartbeat, sending reply
[2023-12-01 21:50:35:506506] [I] Ctrl received Heartbeat, sending reply
[2023-12-01 21:50:40:505505] [I] Ctrl received Heartbeat, sending reply
[2023-12-01 21:50:45:503503] [I] Ctrl received Heartbeat, sending reply
[2023-12-01 21:50:50:506506] [I] Ctrl received Heartbeat, sending reply
[2023-12-01 21:50:55:506506] [I] Ctrl received Heartbeat, sending reply
[2023-12-01 21:51:00:504504] [I] Ctrl received Heartbeat, sending reply
[2023-12-01 21:51:05:507507] [I] Ctrl received Heartbeat, sending reply
[2023-12-01 21:51:10:508508] [I] Ctrl received Heartbeat, sending reply
[2023-12-01 21:51:15:504504] [I] Ctrl received Heartbeat, sending reply
[2023-12-01 21:51:20:504504] [I] Ctrl received Heartbeat, sending reply
[2023-12-01 21:51:25:509509] [I] Ctrl received Heartbeat, sending reply
[2023-12-01 21:51:30:504504] [I] Ctrl received Heartbeat, sending reply
[2023-12-01 21:51:35:505505] [I] Ctrl received Heartbeat, sending reply
[2023-12-01 21:51:40:533533] [I] Ctrl received Heartbeat, sending reply
[2023-12-01 21:51:45:552552] [I] Ctrl received Heartbeat, sending reply
[2023-12-01 21:51:50:508508] [I] Ctrl received Heartbeat, sending reply
[2023-12-01 21:51:55:504504] [I] Ctrl received Heartbeat, sending reply
[2023-12-01 21:52:00:505505] [I] Ctrl received Heartbeat, sending reply
[2023-12-01 21:52:05:507507] [I] Ctrl received Heartbeat, sending reply
[2023-12-01 21:52:10:515515] [I] Ctrl received Heartbeat, sending reply
[2023-12-01 21:52:15:506506] [I] Ctrl received Heartbeat, sending reply
[2023-12-01 21:52:20:509509] [I] Ctrl received Heartbeat, sending reply
[2023-12-01 21:52:25:505505] [I] Ctrl received Heartbeat, sending reply
[2023-12-01 21:52:30:506506] [I] Ctrl received Heartbeat, sending reply
[2023-12-01 21:52:35:506506] [I] Ctrl received Heartbeat, sending reply
[2023-12-01 21:52:40:509509] [I] Ctrl received Heartbeat, sending reply
[2023-12-01 21:52:45:506506] [I] Ctrl received Heartbeat, sending reply
[2023-12-01 21:52:50:508508] [I] Ctrl received Heartbeat, sending reply
[2023-12-01 21:52:55:506506] [I] Ctrl received Heartbeat, sending reply
[2023-12-01 21:53:00:510510] [I] Ctrl received Heartbeat, sending reply
[2023-12-01 21:53:05:506506] [I] Ctrl received Heartbeat, sending reply
[2023-12-01 21:53:10:508508] [I] Ctrl received Heartbeat, sending reply
[2023-12-01 21:53:15:520520] [I] Ctrl received Heartbeat, sending reply
[2023-12-01 21:53:20:507507] [I] Ctrl received Heartbeat, sending reply
[2023-12-01 21:53:25:509509] [I] Ctrl received Heartbeat, sending reply
[2023-12-01 21:53:30:511511] [I] Ctrl received Heartbeat, sending reply
[2023-12-01 21:53:35:509509] [I] Ctrl received Heartbeat, sending reply
[2023-12-01 21:53:40:507507] [I] Ctrl received Heartbeat, sending reply
[2023-12-01 21:53:45:509509] [I] Ctrl received Heartbeat, sending reply
[2023-12-01 21:53:46:530530] [W] Received Ctrl Message with unknown type 0x16
[2023-12-01 21:53:46:530530] [W] offset 0  1  2  3  4  5  6  7  8  9  a  b  c  d  e  f  0123456789abcdef
[2023-12-01 21:53:46:530530] [W]      0 01 ff                                           ..              
[2023-12-01 21:53:48:924924] [W] Received Ctrl Message with unknown type 0x16
[2023-12-01 21:53:48:924924] [W] offset 0  1  2  3  4  5  6  7  8  9  a  b  c  d  e  f  0123456789abcdef
[2023-12-01 21:53:48:924924] [W]      0 00 00                                           ..              
[2023-12-01 21:53:50:513513] [I] Ctrl received Heartbeat, sending reply
[2023-12-01 21:53:55:508508] [I] Ctrl received Heartbeat, sending reply
[2023-12-01 21:54:00:510510] [I] Ctrl received Heartbeat, sending reply
[2023-12-01 21:54:05:507507] [I] Ctrl received Heartbeat, sending reply
[2023-12-01 21:54:10:512512] [I] Ctrl received Heartbeat, sending reply
[2023-12-01 21:54:15:510510] [I] Ctrl received Heartbeat, sending reply
[2023-12-01 21:54:20:508508] [I] Ctrl received Heartbeat, sending reply
[2023-12-01 21:54:25:511511] [I] Ctrl received Heartbeat, sending reply
[2023-12-01 21:54:30:511511] [I] Ctrl received Heartbeat, sending reply
[2023-12-01 21:54:35:510510] [I] Ctrl received Heartbeat, sending reply
[2023-12-01 21:54:40:519519] [I] Ctrl received Heartbeat, sending reply
[2023-12-01 21:54:45:514514] [I] Ctrl received Heartbeat, sending reply
[2023-12-01 21:54:50:508508] [I] Ctrl received Heartbeat, sending reply
[2023-12-01 21:54:55:508508] [I] Ctrl received Heartbeat, sending reply
